<?xml version="1.0" encoding="UTF-8"?>
<!-- Generated by org.testng.reporters.JUnitReportReporter -->
<testsuite skipped="1" hostname="Ankit-Dubey-2017-MBPro.local" name="com.qa.hubspot.tests.LoginPageTest" tests="8" failures="0" timestamp="2020-05-08T14:14:49 CEST" time="57.133" errors="0">
  <testcase name="verifyLoginPageTitleTest" time="6.503" classname="com.qa.hubspot.tests.LoginPageTest"/>
  <testcase name="verifySignUpLinkTest" time="7.439" classname="com.qa.hubspot.tests.LoginPageTest"/>
  <testcase name="verifymessageTest" time="8.522" classname="com.qa.hubspot.tests.LoginPageTest"/>
  <testcase name="verifyforgotPasswordCheckBoxTest" time="6.826" classname="com.qa.hubspot.tests.LoginPageTest"/>
  <testcase name="verifySignInWithGoogleTest" time="7.288" classname="com.qa.hubspot.tests.LoginPageTest"/>
  <testcase name="verifyPrivacyPolicyLinkTest" time="7.201" classname="com.qa.hubspot.tests.LoginPageTest"/>
  <testcase name="VerifyLoginTest" time="13.354" classname="com.qa.hubspot.tests.LoginPageTest"/>
  <testcase name="VerifyLoginTestNegative" classname="com.qa.hubspot.tests.LoginPageTest">
    <skipped/>
  </testcase> <!-- VerifyLoginTestNegative -->
</testsuite> <!-- com.qa.hubspot.tests.LoginPageTest -->
