<?xml version="1.0" encoding="UTF-8"?>
<!-- Generated by org.testng.reporters.JUnitReportReporter -->
<testsuite skipped="0" hostname="Ankit-Dubey-2017-MBPro.local" name="com.qa.hubspot.tests.HomePageTest" tests="3" failures="0" timestamp="2020-05-06T15:56:43 CEST" time="45.957" errors="0">
  <testcase name="verifyHomePageTitleTest" time="14.394" classname="com.qa.hubspot.tests.HomePageTest"/>
  <testcase name="verifyAccountNameTest" time="15.534" classname="com.qa.hubspot.tests.HomePageTest"/>
  <testcase name="verifyHeaderTest" time="16.029" classname="com.qa.hubspot.tests.HomePageTest"/>
</testsuite> <!-- com.qa.hubspot.tests.HomePageTest -->
