<?xml version="1.0" encoding="UTF-8"?>
<!-- Generated by org.testng.reporters.JUnitReportReporter -->
<testsuite skipped="1" hostname="Ankit-Dubey-2017-MBPro.local" name="com.qa.hubspot.tests.LoginPageTest" tests="8" failures="0" timestamp="2020-05-06T23:25:41 CEST" time="57.042" errors="0">
  <testcase name="verifyLoginPageTitleTest" time="6.536" classname="com.qa.hubspot.tests.LoginPageTest"/>
  <testcase name="verifySignUpLinkTest" time="6.745" classname="com.qa.hubspot.tests.LoginPageTest"/>
  <testcase name="verifymessageTest" time="6.967" classname="com.qa.hubspot.tests.LoginPageTest"/>
  <testcase name="verifyforgotPasswordCheckBoxTest" time="6.857" classname="com.qa.hubspot.tests.LoginPageTest"/>
  <testcase name="verifySignInWithGoogleTest" time="7.953" classname="com.qa.hubspot.tests.LoginPageTest"/>
  <testcase name="verifyPrivacyPolicyLinkTest" time="7.719" classname="com.qa.hubspot.tests.LoginPageTest"/>
  <testcase name="VerifyLoginTest" time="14.265" classname="com.qa.hubspot.tests.LoginPageTest"/>
  <testcase name="VerifyLoginTestNegative" classname="com.qa.hubspot.tests.LoginPageTest">
    <skipped/>
  </testcase> <!-- VerifyLoginTestNegative -->
</testsuite> <!-- com.qa.hubspot.tests.LoginPageTest -->
